<?xml version="1.0" encoding="UTF-8"?>
<testsuite name="passwordverifier.PasswordVerifierTest" tests="4" skipped="0" failures="0" errors="0" timestamp="2019-09-24T16:10:23" hostname="C02V41WXG8WL" time="0.002">
  <properties/>
  <testcase name="whenPasswordIsNull_thenReturnFalse" classname="passwordverifier.PasswordVerifierTest" time="0.001"/>
  <testcase name="whenPasswordContainsOneOrMoreUpperCaseCharactersAndPasswordLengthIsGreaterThanEight_thenReturnTrue" classname="passwordverifier.PasswordVerifierTest" time="0.0"/>
  <testcase name="whenPasswordLengthIsLessThanEight_thenReturnFalse" classname="passwordverifier.PasswordVerifierTest" time="0.0"/>
  <testcase name="whenPasswordIsEmpty_thenReturnFalse" classname="passwordverifier.PasswordVerifierTest" time="0.0"/>
  <system-out><![CDATA[]]></system-out>
  <system-err><![CDATA[]]></system-err>
</testsuite>
